<?xml version="1.0" encoding="UTF-8"?>
<coverage generated="1557774537204" clover="4.3.1">
   <project name="aknakereso 1.0-SNAPSHOT" timestamp="1557774445019">
      <metrics coveredelements="2" complexity="113" loc="713" methods="30" classes="9" statements="196" packages="1" coveredconditionals="0" coveredmethods="1" elements="342" ncloc="409" files="9" conditionals="116" coveredstatements="1"/>
      <package name="sample">
         <metrics coveredelements="2" complexity="113" loc="713" methods="30" classes="9" statements="196" coveredconditionals="0" coveredmethods="1" elements="342" ncloc="409" files="9" conditionals="116" coveredstatements="1"/>
         <file path="C:\Users\asdasd\IdeaProjects\aknakereso\src\main\java\sample\Akna.java" name="Akna.java">
            <metrics coveredelements="2" coveredconditionals="0" complexity="28" loc="68" coveredmethods="1" methods="2" elements="59" classes="1" ncloc="45" statements="29" conditionals="28" coveredstatements="1"/>
            <class name="Akna">
               <metrics coveredelements="2" coveredconditionals="0" complexity="28" coveredmethods="1" methods="2" elements="59" statements="29" conditionals="28" coveredstatements="1"/>
            </class>
            <line complexity="27" visibility="public" signature="aknák() : void" num="18" count="0" type="method"/>
            <line num="19" count="0" type="stmt"/>
            <line falsecount="0" truecount="0" num="19" type="cond"/>
            <line num="20" count="0" type="stmt"/>
            <line falsecount="0" truecount="0" num="20" type="cond"/>
            <line num="21" count="0" type="stmt"/>
            <line num="26" count="0" type="stmt"/>
            <line falsecount="0" truecount="0" num="26" type="cond"/>
            <line num="27" count="0" type="stmt"/>
            <line num="28" count="0" type="stmt"/>
            <line num="29" count="0" type="stmt"/>
            <line num="33" count="0" type="stmt"/>
            <line falsecount="0" truecount="0" num="33" type="cond"/>
            <line num="34" count="0" type="stmt"/>
            <line falsecount="0" truecount="0" num="34" type="cond"/>
            <line num="35" count="0" type="stmt"/>
            <line falsecount="0" truecount="0" num="35" type="cond"/>
            <line num="36" count="0" type="stmt"/>
            <line num="37" count="0" type="stmt"/>
            <line falsecount="0" truecount="0" num="37" type="cond"/>
            <line num="38" count="0" type="stmt"/>
            <line num="39" count="0" type="stmt"/>
            <line falsecount="0" truecount="0" num="39" type="cond"/>
            <line num="40" count="0" type="stmt"/>
            <line num="41" count="0" type="stmt"/>
            <line falsecount="0" truecount="0" num="41" type="cond"/>
            <line num="42" count="0" type="stmt"/>
            <line num="43" count="0" type="stmt"/>
            <line falsecount="0" truecount="0" num="43" type="cond"/>
            <line num="44" count="0" type="stmt"/>
            <line num="45" count="0" type="stmt"/>
            <line falsecount="0" truecount="0" num="45" type="cond"/>
            <line num="46" count="0" type="stmt"/>
            <line num="47" count="0" type="stmt"/>
            <line falsecount="0" truecount="0" num="47" type="cond"/>
            <line num="48" count="0" type="stmt"/>
            <line num="49" count="0" type="stmt"/>
            <line falsecount="0" truecount="0" num="49" type="cond"/>
            <line num="50" count="0" type="stmt"/>
            <line num="51" count="0" type="stmt"/>
            <line falsecount="0" truecount="0" num="51" type="cond"/>
            <line num="52" count="0" type="stmt"/>
            <line num="54" count="0" type="stmt"/>
            <line complexity="1" visibility="public" signature="getNumberOfBombs() : double" num="64" count="1" type="method"/>
            <line num="65" count="1" type="stmt"/>
         </file>
         <file path="C:\Users\asdasd\IdeaProjects\aknakereso\src\main\java\sample\Aknakereso.java" name="Aknakereso.java">
            <metrics coveredelements="0" coveredconditionals="0" complexity="5" loc="53" coveredmethods="0" methods="3" elements="17" classes="1" ncloc="28" statements="10" conditionals="4" coveredstatements="0"/>
            <class name="Aknakereso">
               <metrics coveredelements="0" coveredconditionals="0" complexity="5" coveredmethods="0" methods="3" elements="17" statements="10" conditionals="4" coveredstatements="0"/>
            </class>
            <line complexity="3" visibility="public" signature="Aknakereso()" num="20" count="0" type="method"/>
            <line num="22" count="0" type="stmt"/>
            <line falsecount="0" truecount="0" num="22" type="cond"/>
            <line num="23" count="0" type="stmt"/>
            <line falsecount="0" truecount="0" num="23" type="cond"/>
            <line num="26" count="0" type="stmt"/>
            <line num="27" count="0" type="stmt"/>
            <line num="28" count="0" type="stmt"/>
            <line num="29" count="0" type="stmt"/>
            <line num="30" count="0" type="stmt"/>
            <line num="34" count="0" type="stmt"/>
            <line complexity="1" visibility="public" signature="getMezo() : Button[][]" num="41" count="0" type="method"/>
            <line num="42" count="0" type="stmt"/>
            <line complexity="1" visibility="public" signature="getTable() : AnchorPane" num="49" count="0" type="method"/>
            <line num="50" count="0" type="stmt"/>
         </file>
         <file path="C:\Users\asdasd\IdeaProjects\aknakereso\src\main\java\sample\AppLauncher.java" name="AppLauncher.java">
            <metrics coveredelements="0" coveredconditionals="0" complexity="1" loc="16" coveredmethods="0" methods="1" elements="2" classes="1" ncloc="6" statements="1" conditionals="0" coveredstatements="0"/>
            <class name="AppLauncher">
               <metrics coveredelements="0" coveredconditionals="0" complexity="1" coveredmethods="0" methods="1" elements="2" statements="1" conditionals="0" coveredstatements="0"/>
            </class>
            <line complexity="1" visibility="public" signature="main(String[]) : void" num="12" count="0" type="method"/>
            <line num="13" count="0" type="stmt"/>
         </file>
         <file path="C:\Users\asdasd\IdeaProjects\aknakereso\src\main\java\sample\BlowedUp.java" name="BlowedUp.java">
            <metrics coveredelements="0" coveredconditionals="0" complexity="6" loc="71" coveredmethods="0" methods="3" elements="30" classes="1" ncloc="41" statements="21" conditionals="6" coveredstatements="0"/>
            <class name="BlowedUp">
               <metrics coveredelements="0" coveredconditionals="0" complexity="6" coveredmethods="0" methods="3" elements="30" statements="21" conditionals="6" coveredstatements="0"/>
            </class>
            <line complexity="1" visibility="public" signature="BlowedUp(Aknakereso)" num="24" count="0" type="method"/>
            <line num="25" count="0" type="stmt"/>
            <line complexity="4" visibility="public" signature="Blowed() : void" num="31" count="0" type="method"/>
            <line num="32" count="0" type="stmt"/>
            <line falsecount="0" truecount="0" num="32" type="cond"/>
            <line num="33" count="0" type="stmt"/>
            <line falsecount="0" truecount="0" num="33" type="cond"/>
            <line num="34" count="0" type="stmt"/>
            <line num="36" count="0" type="stmt"/>
            <line falsecount="0" truecount="0" num="36" type="cond"/>
            <line num="38" count="0" type="stmt"/>
            <line num="39" count="0" type="stmt"/>
            <line complexity="1" visibility="public" signature="display(String,String) : void" num="51" count="0" type="method"/>
            <line num="52" count="0" type="stmt"/>
            <line num="54" count="0" type="stmt"/>
            <line num="55" count="0" type="stmt"/>
            <line num="56" count="0" type="stmt"/>
            <line num="58" count="0" type="stmt"/>
            <line num="59" count="0" type="stmt"/>
            <line num="60" count="0" type="stmt"/>
            <line num="61" count="0" type="stmt"/>
            <line num="63" count="0" type="stmt"/>
            <line num="64" count="0" type="stmt"/>
            <line num="65" count="0" type="stmt"/>
            <line num="67" count="0" type="stmt"/>
            <line num="68" count="0" type="stmt"/>
            <line num="69" count="0" type="stmt"/>
         </file>
         <file path="C:\Users\asdasd\IdeaProjects\aknakereso\src\main\java\sample\Controller.java" name="Controller.java">
            <metrics coveredelements="0" coveredconditionals="0" complexity="22" loc="185" coveredmethods="0" methods="8" elements="90" classes="1" ncloc="114" statements="56" conditionals="26" coveredstatements="0"/>
            <class name="Controller">
               <metrics coveredelements="0" coveredconditionals="0" complexity="22" coveredmethods="0" methods="8" elements="90" statements="56" conditionals="26" coveredstatements="0"/>
            </class>
            <line complexity="6" visibility="public" signature="handle(MouseEvent) : void" num="47" count="0" type="method"/>
            <line num="49" count="0" type="stmt"/>
            <line num="50" count="0" type="stmt"/>
            <line falsecount="0" truecount="0" num="50" type="cond"/>
            <line num="51" count="0" type="stmt"/>
            <line falsecount="0" truecount="0" num="51" type="cond"/>
            <line num="52" count="0" type="stmt"/>
            <line falsecount="0" truecount="0" num="52" type="cond"/>
            <line num="53" count="0" type="stmt"/>
            <line num="54" count="0" type="stmt"/>
            <line num="55" count="0" type="stmt"/>
            <line falsecount="0" truecount="0" num="55" type="cond"/>
            <line num="57" count="0" type="stmt"/>
            <line falsecount="0" truecount="0" num="57" type="cond"/>
            <line num="58" count="0" type="stmt"/>
            <line num="59" count="0" type="stmt"/>
            <line num="60" count="0" type="stmt"/>
            <line num="62" count="0" type="stmt"/>
            <line num="63" count="0" type="stmt"/>
            <line num="66" count="0" type="stmt"/>
            <line num="67" count="0" type="stmt"/>
            <line num="68" count="0" type="stmt"/>
            <line num="70" count="0" type="stmt"/>
            <line num="71" count="0" type="stmt"/>
            <line num="72" count="0" type="stmt"/>
            <line num="74" count="0" type="stmt"/>
            <line num="75" count="0" type="stmt"/>
            <line num="76" count="0" type="stmt"/>
            <line num="77" count="0" type="stmt"/>
            <line complexity="6" visibility="public" signature="win() : void" num="91" count="0" type="method"/>
            <line num="92" count="0" type="stmt"/>
            <line falsecount="0" truecount="0" num="92" type="cond"/>
            <line num="93" count="0" type="stmt"/>
            <line falsecount="0" truecount="0" num="93" type="cond"/>
            <line num="94" count="0" type="stmt"/>
            <line falsecount="0" truecount="0" num="94" type="cond"/>
            <line num="95" count="0" type="stmt"/>
            <line num="97" count="0" type="stmt"/>
            <line falsecount="0" truecount="0" num="97" type="cond"/>
            <line num="98" count="0" type="stmt"/>
            <line num="99" count="0" type="stmt"/>
            <line complexity="3" visibility="public" signature="Controller(Aknakereso)" num="109" count="0" type="method"/>
            <line num="110" count="0" type="stmt"/>
            <line num="111" count="0" type="stmt"/>
            <line num="113" count="0" type="stmt"/>
            <line complexity="3" visibility="public" signature="handle(long) : void" num="114" count="0" type="method"/>
            <line num="117" count="0" type="stmt"/>
            <line num="119" count="0" type="stmt"/>
            <line falsecount="0" truecount="0" num="119" type="cond"/>
            <line num="121" count="0" type="stmt"/>
            <line num="123" count="0" type="stmt"/>
            <line num="124" count="0" type="stmt"/>
            <line num="125" count="0" type="stmt"/>
            <line num="126" count="0" type="stmt"/>
            <line num="129" count="0" type="stmt"/>
            <line falsecount="0" truecount="0" num="129" type="cond"/>
            <line num="131" count="0" type="stmt"/>
            <line num="137" count="0" type="stmt"/>
            <line falsecount="0" truecount="0" num="137" type="cond"/>
            <line num="138" count="0" type="stmt"/>
            <line falsecount="0" truecount="0" num="138" type="cond"/>
            <line num="139" count="0" type="stmt"/>
            <line complexity="1" visibility="private" signature="data(double) : void" num="148" count="0" type="method"/>
            <line num="151" count="0" type="stmt"/>
            <line num="152" count="0" type="stmt"/>
            <line num="153" count="0" type="stmt"/>
            <line num="154" count="0" type="stmt"/>
            <line num="155" count="0" type="stmt"/>
            <line complexity="1" visibility="private" signature="createPlayer(double) : void" num="162" count="0" type="method"/>
            <line num="163" count="0" type="stmt"/>
            <line num="164" count="0" type="stmt"/>
            <line num="165" count="0" type="stmt"/>
            <line num="166" count="0" type="stmt"/>
            <line complexity="1" visibility="public" signature="getScore() : double" num="173" count="0" type="method"/>
            <line num="174" count="0" type="stmt"/>
            <line complexity="1" visibility="public" signature="getDisabled() : int" num="182" count="0" type="method"/>
            <line num="183" count="0" type="stmt"/>
         </file>
         <file path="C:\Users\asdasd\IdeaProjects\aknakereso\src\main\java\sample\Main.java" name="Main.java">
            <metrics coveredelements="0" coveredconditionals="0" complexity="2" loc="39" coveredmethods="0" methods="2" elements="8" classes="1" ncloc="17" statements="6" conditionals="0" coveredstatements="0"/>
            <class name="Main">
               <metrics coveredelements="0" coveredconditionals="0" complexity="2" coveredmethods="0" methods="2" elements="8" statements="6" conditionals="0" coveredstatements="0"/>
            </class>
            <line complexity="1" visibility="public" signature="start(Stage) : void" num="19" count="0" type="method"/>
            <line num="23" count="0" type="stmt"/>
            <line num="24" count="0" type="stmt"/>
            <line num="25" count="0" type="stmt"/>
            <line num="27" count="0" type="stmt"/>
            <line num="28" count="0" type="stmt"/>
            <line complexity="1" visibility="public" signature="main(String[]) : void" num="35" count="0" type="method"/>
            <line num="36" count="0" type="stmt"/>
         </file>
         <file path="C:\Users\asdasd\IdeaProjects\aknakereso\src\main\java\sample\NullBlower.java" name="NullBlower.java">
            <metrics coveredelements="0" coveredconditionals="0" complexity="41" loc="144" coveredmethods="0" methods="3" elements="120" classes="1" ncloc="108" statements="65" conditionals="52" coveredstatements="0"/>
            <class name="NullBlower">
               <metrics coveredelements="0" coveredconditionals="0" complexity="41" coveredmethods="0" methods="3" elements="120" statements="65" conditionals="52" coveredstatements="0"/>
            </class>
            <line complexity="39" visibility="public" signature="Blower(ArrayList&lt;Integer&gt;) : void" num="18" count="0" type="method"/>
            <line num="20" count="0" type="stmt"/>
            <line falsecount="0" truecount="0" num="20" type="cond"/>
            <line num="22" count="0" type="stmt"/>
            <line num="26" count="0" type="stmt"/>
            <line num="27" count="0" type="stmt"/>
            <line num="28" count="0" type="stmt"/>
            <line num="29" count="0" type="stmt"/>
            <line falsecount="0" truecount="0" num="29" type="cond"/>
            <line num="31" count="0" type="stmt"/>
            <line falsecount="0" truecount="0" num="31" type="cond"/>
            <line num="32" count="0" type="stmt"/>
            <line num="33" count="0" type="stmt"/>
            <line falsecount="0" truecount="0" num="33" type="cond"/>
            <line num="34" count="0" type="stmt"/>
            <line num="36" count="0" type="stmt"/>
            <line falsecount="0" truecount="0" num="36" type="cond"/>
            <line num="37" count="0" type="stmt"/>
            <line num="38" count="0" type="stmt"/>
            <line num="43" count="0" type="stmt"/>
            <line falsecount="0" truecount="0" num="43" type="cond"/>
            <line num="44" count="0" type="stmt"/>
            <line num="45" count="0" type="stmt"/>
            <line falsecount="0" truecount="0" num="45" type="cond"/>
            <line num="46" count="0" type="stmt"/>
            <line num="48" count="0" type="stmt"/>
            <line falsecount="0" truecount="0" num="48" type="cond"/>
            <line num="49" count="0" type="stmt"/>
            <line num="50" count="0" type="stmt"/>
            <line num="54" count="0" type="stmt"/>
            <line falsecount="0" truecount="0" num="54" type="cond"/>
            <line num="55" count="0" type="stmt"/>
            <line num="56" count="0" type="stmt"/>
            <line falsecount="0" truecount="0" num="56" type="cond"/>
            <line num="57" count="0" type="stmt"/>
            <line num="59" count="0" type="stmt"/>
            <line falsecount="0" truecount="0" num="59" type="cond"/>
            <line num="60" count="0" type="stmt"/>
            <line num="61" count="0" type="stmt"/>
            <line num="65" count="0" type="stmt"/>
            <line falsecount="0" truecount="0" num="65" type="cond"/>
            <line num="66" count="0" type="stmt"/>
            <line num="67" count="0" type="stmt"/>
            <line falsecount="0" truecount="0" num="67" type="cond"/>
            <line num="68" count="0" type="stmt"/>
            <line num="70" count="0" type="stmt"/>
            <line falsecount="0" truecount="0" num="70" type="cond"/>
            <line num="71" count="0" type="stmt"/>
            <line num="72" count="0" type="stmt"/>
            <line num="76" count="0" type="stmt"/>
            <line falsecount="0" truecount="0" num="76" type="cond"/>
            <line num="77" count="0" type="stmt"/>
            <line num="79" count="0" type="stmt"/>
            <line falsecount="0" truecount="0" num="79" type="cond"/>
            <line num="80" count="0" type="stmt"/>
            <line num="82" count="0" type="stmt"/>
            <line falsecount="0" truecount="0" num="82" type="cond"/>
            <line num="83" count="0" type="stmt"/>
            <line num="84" count="0" type="stmt"/>
            <line num="88" count="0" type="stmt"/>
            <line falsecount="0" truecount="0" num="88" type="cond"/>
            <line num="89" count="0" type="stmt"/>
            <line num="91" count="0" type="stmt"/>
            <line falsecount="0" truecount="0" num="91" type="cond"/>
            <line num="92" count="0" type="stmt"/>
            <line num="94" count="0" type="stmt"/>
            <line falsecount="0" truecount="0" num="94" type="cond"/>
            <line num="95" count="0" type="stmt"/>
            <line num="96" count="0" type="stmt"/>
            <line num="100" count="0" type="stmt"/>
            <line falsecount="0" truecount="0" num="100" type="cond"/>
            <line num="101" count="0" type="stmt"/>
            <line num="103" count="0" type="stmt"/>
            <line falsecount="0" truecount="0" num="103" type="cond"/>
            <line num="104" count="0" type="stmt"/>
            <line num="106" count="0" type="stmt"/>
            <line falsecount="0" truecount="0" num="106" type="cond"/>
            <line num="107" count="0" type="stmt"/>
            <line num="108" count="0" type="stmt"/>
            <line num="112" count="0" type="stmt"/>
            <line falsecount="0" truecount="0" num="112" type="cond"/>
            <line num="113" count="0" type="stmt"/>
            <line num="115" count="0" type="stmt"/>
            <line falsecount="0" truecount="0" num="115" type="cond"/>
            <line num="116" count="0" type="stmt"/>
            <line num="118" count="0" type="stmt"/>
            <line falsecount="0" truecount="0" num="118" type="cond"/>
            <line num="119" count="0" type="stmt"/>
            <line num="120" count="0" type="stmt"/>
            <line num="124" count="0" type="stmt"/>
            <line complexity="1" visibility="public" signature="getDisabledCounter() : int" num="133" count="0" type="method"/>
            <line num="134" count="0" type="stmt"/>
            <line complexity="1" visibility="public" signature="setDisabledCounter(int) : void" num="141" count="0" type="method"/>
            <line num="142" count="0" type="stmt"/>
         </file>
         <file path="C:\Users\asdasd\IdeaProjects\aknakereso\src\main\java\sample\Player.java" name="Player.java">
            <metrics coveredelements="0" coveredconditionals="0" complexity="8" loc="91" coveredmethods="0" methods="8" elements="16" classes="1" ncloc="38" statements="8" conditionals="0" coveredstatements="0"/>
            <class name="Player">
               <metrics coveredelements="0" coveredconditionals="0" complexity="8" coveredmethods="0" methods="8" elements="16" statements="8" conditionals="0" coveredstatements="0"/>
            </class>
            <line complexity="1" visibility="public" signature="getID() : Integer" num="23" count="0" type="method"/>
            <line num="24" count="0" type="stmt"/>
            <line complexity="1" visibility="public" signature="setID(Integer) : void" num="32" count="0" type="method"/>
            <line num="33" count="0" type="stmt"/>
            <line complexity="1" visibility="public" signature="getScore() : double" num="41" count="0" type="method"/>
            <line num="42" count="0" type="stmt"/>
            <line complexity="1" visibility="public" signature="Score(double) : void" num="50" count="0" type="method"/>
            <line num="51" count="0" type="stmt"/>
            <line complexity="1" visibility="public" signature="Player(Integer,double)" num="60" count="0" type="method"/>
            <line num="61" count="0" type="stmt"/>
            <line num="62" count="0" type="stmt"/>
            <line complexity="1" visibility="public" signature="Player(double)" num="69" count="0" type="method"/>
            <line num="70" count="0" type="stmt"/>
            <line complexity="1" visibility="public" signature="toString() : String" num="77" count="0" type="method"/>
            <line num="79" count="0" type="stmt"/>
            <line complexity="1" visibility="public" signature="Player()" num="88" count="0" type="method"/>
         </file>
         <file path="C:\Users\asdasd\IdeaProjects\aknakereso\src\main\java\sample\mezo.java" name="mezo.java">
            <metrics coveredelements="0" coveredconditionals="0" complexity="0" loc="46" coveredmethods="0" methods="0" elements="0" classes="1" ncloc="12" statements="0" conditionals="0" coveredstatements="0"/>
            <class name="mezo">
               <metrics coveredelements="0" coveredconditionals="0" complexity="0" coveredmethods="0" methods="0" elements="0" statements="0" conditionals="0" coveredstatements="0"/>
            </class>
         </file>
      </package>
   </project>
   <testproject name="aknakereso 1.0-SNAPSHOT" timestamp="1557774445019">
      <metrics coveredelements="2" complexity="1" loc="29" methods="1" classes="1" statements="1" packages="1" coveredconditionals="0" coveredmethods="1" elements="2" ncloc="10" files="1" conditionals="0" coveredstatements="1"/>
      <package name="tests">
         <metrics coveredelements="2" complexity="1" loc="29" methods="1" classes="1" statements="1" coveredconditionals="0" coveredmethods="1" elements="2" ncloc="10" files="1" conditionals="0" coveredstatements="1"/>
         <file path="C:\Users\asdasd\IdeaProjects\aknakereso\src\test\java\tests\AknaTest.java" name="AknaTest.java">
            <metrics coveredelements="2" coveredconditionals="0" complexity="1" loc="29" coveredmethods="1" methods="1" elements="2" classes="1" ncloc="10" statements="1" conditionals="0" coveredstatements="1"/>
            <class name="AknaTest">
               <metrics coveredelements="2" coveredconditionals="0" complexity="1" coveredmethods="1" methods="1" elements="2" statements="1" conditionals="0" coveredstatements="1"/>
            </class>
            <line complexity="1" visibility="package" signature="aknák() : void" num="21" count="1" type="method"/>
            <line num="23" count="1" type="stmt"/>
         </file>
      </package>
   </testproject>
</coverage>